2025-05-17 20:13:50,948 - INFO - Начата генерация upgrade_data_updated.json на основе upgrade_data_google.json
2025-05-17 20:13:50,949 - INFO - upgrade_data_google.json успешно загружен
2025-05-17 20:13:50,949 - INFO - [Строка 2] добавлен upgradeId 'engineering_unlock'
2025-05-17 20:13:50,949 - INFO - [Строка 3] добавлен upgradeId 'engineering_workstation_max_2'
2025-05-17 20:13:50,949 - INFO - [Строка 4] добавлен upgradeId 'engineering_workstation_max_3'
2025-05-17 20:13:50,949 - INFO - [Строка 5] добавлен upgradeId 'engineering_workstation_max_4'
2025-05-17 20:13:50,949 - INFO - [Строка 6] добавлен upgradeId 'engineering_add_workstation_2'
2025-05-17 20:13:50,949 - INFO - [Строка 7] добавлен upgradeId 'engineering_add_workstation_3'
2025-05-17 20:13:50,949 - INFO - [Строка 8] добавлен upgradeId 'engineering_add_workstation_4'
2025-05-17 20:13:50,949 - INFO - [Строка 9] добавлен upgradeId 'engineering_add_workstation_5'
2025-05-17 20:13:50,949 - INFO - [Строка 10] добавлен upgradeId 'engineering_max_crew_level_2'
2025-05-17 20:13:50,949 - INFO - [Строка 11] добавлен upgradeId 'engineering_max_crew_level_3'
2025-05-17 20:13:50,949 - INFO - [Строка 12] добавлен upgradeId 'engineering_max_crew_level_4'
2025-05-17 20:13:50,949 - INFO - [Строка 13] добавлен upgradeId 'engineering_hire_1'
2025-05-17 20:13:50,949 - INFO - [Строка 14] добавлен upgradeId 'engineering_hire_2'
2025-05-17 20:13:50,949 - INFO - [Строка 15] добавлен upgradeId 'engineering_hire_3'
2025-05-17 20:13:50,949 - INFO - [Строка 16] добавлен upgradeId 'engineering_hire_4'
2025-05-17 20:13:50,949 - INFO - [Строка 17] добавлен upgradeId 'engineering_hire_5'
2025-05-17 20:13:50,949 - WARNING - Неизвестный Type 'Type', используется 0
2025-05-17 20:13:50,949 - INFO - [Строка 18] добавлен upgradeId 'upgradeId'
2025-05-17 20:13:50,949 - INFO - [Строка 19] добавлен upgradeId 'science_unlock'
2025-05-17 20:13:50,949 - INFO - [Строка 20] добавлен upgradeId 'science_workstation_max_2'
2025-05-17 20:13:50,949 - INFO - [Строка 21] добавлен upgradeId 'science_workstation_max_3'
2025-05-17 20:13:50,949 - INFO - [Строка 22] добавлен upgradeId 'science_workstation_max_4'
2025-05-17 20:13:50,949 - INFO - [Строка 23] добавлен upgradeId 'science_add_workstation_2'
2025-05-17 20:13:50,949 - INFO - [Строка 24] добавлен upgradeId 'science_add_workstation_3'
2025-05-17 20:13:50,949 - INFO - [Строка 25] добавлен upgradeId 'science_add_workstation_4'
2025-05-17 20:13:50,949 - INFO - [Строка 26] добавлен upgradeId 'science_add_workstation_5'
2025-05-17 20:13:50,950 - INFO - [Строка 27] добавлен upgradeId 'science_max_crew_level_2'
2025-05-17 20:13:50,950 - INFO - [Строка 28] добавлен upgradeId 'science_max_crew_level_3'
2025-05-17 20:13:50,950 - INFO - [Строка 29] добавлен upgradeId 'science_max_crew_level_4'
2025-05-17 20:13:50,950 - INFO - [Строка 30] добавлен upgradeId 'science_hire_1'
2025-05-17 20:13:50,950 - INFO - [Строка 31] добавлен upgradeId 'science_hire_2'
2025-05-17 20:13:50,950 - INFO - [Строка 32] добавлен upgradeId 'science_hire_3'
2025-05-17 20:13:50,950 - INFO - [Строка 33] добавлен upgradeId 'science_hire_4'
2025-05-17 20:13:50,950 - INFO - [Строка 34] добавлен upgradeId 'science_hire_5'
2025-05-17 20:13:50,950 - WARNING - Неизвестный Type 'Type', используется 0
2025-05-17 20:13:50,950 - INFO - [Строка 35] добавлен upgradeId 'upgradeId'
2025-05-17 20:13:50,950 - INFO - [Строка 36] добавлен upgradeId 'cargo_unlock'
2025-05-17 20:13:50,950 - INFO - [Строка 37] добавлен upgradeId 'cargo_workstation_max_2'
2025-05-17 20:13:50,950 - INFO - [Строка 38] добавлен upgradeId 'cargo_workstation_max_3'
2025-05-17 20:13:50,950 - INFO - [Строка 39] добавлен upgradeId 'cargo_workstation_max_4'
2025-05-17 20:13:50,950 - INFO - [Строка 40] добавлен upgradeId 'cargo_add_workstation_2'
2025-05-17 20:13:50,950 - INFO - [Строка 41] добавлен upgradeId 'cargo_add_workstation_3'
2025-05-17 20:13:50,950 - INFO - [Строка 42] добавлен upgradeId 'cargo_add_workstation_4'
2025-05-17 20:13:50,950 - INFO - [Строка 43] добавлен upgradeId 'cargo_add_workstation_5'
2025-05-17 20:13:50,950 - INFO - [Строка 44] добавлен upgradeId 'cargo_max_crew_level_2'
2025-05-17 20:13:50,950 - INFO - [Строка 45] добавлен upgradeId 'cargo_max_crew_level_3'
2025-05-17 20:13:50,950 - INFO - [Строка 46] добавлен upgradeId 'cargo_max_crew_level_4'
2025-05-17 20:13:50,950 - INFO - [Строка 47] добавлен upgradeId 'cargo_hire_1'
2025-05-17 20:13:50,950 - INFO - [Строка 48] добавлен upgradeId 'cargo_hire_2'
2025-05-17 20:13:50,950 - INFO - [Строка 49] добавлен upgradeId 'cargo_hire_3'
2025-05-17 20:13:50,950 - INFO - [Строка 50] добавлен upgradeId 'cargo_hire_4'
2025-05-17 20:13:50,950 - INFO - [Строка 51] добавлен upgradeId 'cargo_hire_5'
2025-05-17 20:13:50,950 - WARNING - Неизвестный Type 'Type', используется 0
2025-05-17 20:13:50,950 - INFO - [Строка 52] добавлен upgradeId 'upgradeId'
2025-05-17 20:13:50,950 - INFO - [Строка 53] добавлен upgradeId 'bar_unlock'
2025-05-17 20:13:50,950 - INFO - [Строка 54] добавлен upgradeId 'bar_workstation_max_2'
2025-05-17 20:13:50,950 - INFO - [Строка 55] добавлен upgradeId 'bar_workstation_max_3'
2025-05-17 20:13:50,950 - INFO - [Строка 56] добавлен upgradeId 'bar_add_workstation_2'
2025-05-17 20:13:50,951 - INFO - [Строка 57] добавлен upgradeId 'bar_add_workstation_3'
2025-05-17 20:13:50,951 - INFO - [Строка 58] добавлен upgradeId 'bar_max_crew_level_2'
2025-05-17 20:13:50,951 - INFO - [Строка 59] добавлен upgradeId 'bar_max_crew_level_3'
2025-05-17 20:13:50,951 - INFO - [Строка 60] добавлен upgradeId 'bar_hire_1'
2025-05-17 20:13:50,951 - INFO - [Строка 61] добавлен upgradeId 'bar_hire_2'
2025-05-17 20:13:50,951 - INFO - [Строка 62] добавлен upgradeId 'bar_hire_3'
2025-05-17 20:13:50,951 - WARNING - Неизвестный Type 'Type', используется 0
2025-05-17 20:13:50,951 - INFO - [Строка 63] добавлен upgradeId 'upgradeId'
2025-05-17 20:13:50,951 - INFO - [Строка 64] добавлен upgradeId 'station_max_crew_2'
2025-05-17 20:13:50,951 - INFO - [Строка 65] добавлен upgradeId 'station_max_crew_3'
2025-05-17 20:13:50,951 - INFO - [Строка 66] добавлен upgradeId 'station_max_crew_4'
2025-05-17 20:13:50,951 - INFO - [Строка 67] добавлен upgradeId 'station_max_crew_5'
2025-05-17 20:13:50,951 - WARNING - Неизвестный Type 'Type', используется 0
2025-05-17 20:13:50,951 - INFO - [Строка 68] добавлен upgradeId 'upgradeId'
2025-05-17 20:13:50,951 - INFO - [Строка 69] добавлен upgradeId 'bridge_workstation_max_2'
2025-05-17 20:13:50,951 - INFO - [Строка 70] добавлен upgradeId 'bridge_workstation_max_3'
2025-05-17 20:13:50,951 - INFO - [Строка 71] добавлен upgradeId 'bridge_add_workstation_2'
2025-05-17 20:13:50,951 - INFO - [Строка 72] добавлен upgradeId 'bridge_add_workstation_3'
2025-05-17 20:13:50,951 - INFO - [Строка 73] добавлен upgradeId 'bridge_max_crew_level_2'
2025-05-17 20:13:50,951 - INFO - [Строка 74] добавлен upgradeId 'bridge_max_crew_level_3'
2025-05-17 20:13:50,951 - INFO - [Строка 75] добавлен upgradeId 'bridge_hire_2'
2025-05-17 20:13:50,951 - INFO - [Строка 76] добавлен upgradeId 'bridge_hire_3'
2025-05-17 20:13:50,954 - INFO - Файл upgrade_data_updated.json сохранён, записей: 75
